<?xml version="1.0" encoding="UTF-8" ?>
<testsuite tests="4" failures="0" name="es.unican.is2.gestionTienda.VendedorEnPlantillaTest" time="0.006" errors="0" skipped="0">
  <properties>
[...]
</properties>
  <testcase classname="es.unican.is2.gestionTienda.VendedorEnPlantillaTest" name="testSetTotalVentas" time="0.006"/>
  <testcase classname="es.unican.is2.gestionTienda.VendedorEnPlantillaTest" name="testAnhadeVenta" time="0"/>
  <testcase classname="es.unican.is2.gestionTienda.VendedorEnPlantillaTest" name="testEquals" time="0"/>
  <testcase classname="es.unican.is2.gestionTienda.VendedorEnPlantillaTest" name="testConstructor" time="0"/>
</testsuite>